#-----------------------------------------------------------
# Vivado v2019.2 (64-bit)
# SW Build 2708876 on Wed Nov  6 21:40:23 MST 2019
# IP Build 2700528 on Thu Nov  7 00:09:20 MST 2019
# Start of session at: Wed Oct 26 09:15:12 2022
# Process ID: 13596
# Current directory: E:/wx/hdmi_movie
# Command line: vivado.exe -gui_launcher_event rodinguilauncherevent14412 E:\wx\hdmi_movie\hdmi_movie.xpr
# Log file: E:/wx/hdmi_movie/vivado.log
# Journal file: E:/wx/hdmi_movie\vivado.jou
#-----------------------------------------------------------
start_gui
open_project E:/wx/hdmi_movie/hdmi_movie.xpr
INFO: [Project 1-313] Project file moved from 'E:/vivado_prj/wx/hdmi_movie' since last save.
Scanning sources...
Finished scanning sources
INFO: [IP_Flow 19-234] Refreshing IP repositories
INFO: [IP_Flow 19-1704] No user IP repositories specified
INFO: [IP_Flow 19-2313] Loaded Vivado IP repository 'D:/vivado2019/Vivado/2019.2/data/ip'.
open_project: Time (s): cpu = 00:00:17 ; elapsed = 00:00:10 . Memory (MB): peak = 1104.863 ; gain = 368.879
update_compile_order -fileset sources_1
