18:37:57 INFO  : Launching XSCT server: xsct.bat -n  -interactive E:\wx\hdmi_movie\vitis\temp_xsdb_launch_script.tcl
18:37:58 INFO  : XSCT server has started successfully.
18:37:59 INFO  : plnx-install-location is set to ''
18:37:59 INFO  : Successfully done query RDI_DATADIR 
18:37:59 INFO  : Successfully done setting XSCT server connection channel  
18:37:59 INFO  : Successfully done setting workspace for the tool. 
18:37:59 INFO  : Registering command handlers for Vitis TCF services
18:39:03 INFO  : Checking for BSP changes to sync application flags for project 'camera_uart'...
18:39:22 INFO  : Connected to target on host '127.0.0.1' and port '3121'.
18:39:22 INFO  : Jtag cable 'Digilent JTAG-HS1 210512180081' is selected.
18:39:22 INFO  : 'jtag frequency' command is executed.
18:39:23 INFO  : 'targets -set -filter {jtag_cable_name =~ "Digilent JTAG-HS1 210512180081" && level==0} -index 0' command is executed.
18:39:27 INFO  : FPGA configured successfully with bitstream "E:/wx/hdmi_movie/vitis/camera_uart/_ide/bitstream/top.bit"
18:39:27 INFO  : 'configparams mdm-detect-bscan-mask 2' command is executed.
18:39:27 INFO  : Context for processor 'microblaze_0' is selected.
18:39:27 INFO  : System reset is completed.
18:39:30 INFO  : 'after 3000' command is executed.
18:39:30 INFO  : Context for processor 'microblaze_0' is selected.
18:39:31 INFO  : The application 'E:/wx/hdmi_movie/vitis/camera_uart/Debug/camera_uart.elf' is downloaded to processor 'microblaze_0'.
18:39:31 INFO  : ----------------XSDB Script----------------
connect -url tcp:127.0.0.1:3121
targets -set -filter {jtag_cable_name =~ "Digilent JTAG-HS1 210512180081" && level==0} -index 0
fpga -file E:/wx/hdmi_movie/vitis/camera_uart/_ide/bitstream/top.bit
configparams mdm-detect-bscan-mask 2
targets -set -nocase -filter {name =~ "*microblaze*#0" && bscan=="USER2" }
rst -system
after 3000
targets -set -nocase -filter {name =~ "*microblaze*#0" && bscan=="USER2" }
dow E:/wx/hdmi_movie/vitis/camera_uart/Debug/camera_uart.elf
----------------End of Script----------------

18:45:52 INFO  : Disconnected from the channel tcfchan#2.
18:47:13 INFO  : Checking for BSP changes to sync application flags for project 'camera_uart'...
18:47:45 INFO  : Checking for BSP changes to sync application flags for project 'camera_uart'...
18:49:45 INFO  : Connected to target on host '127.0.0.1' and port '3121'.
18:49:45 INFO  : Jtag cable 'Digilent JTAG-HS1 210512180081' is selected.
18:49:45 INFO  : 'jtag frequency' command is executed.
18:49:45 INFO  : 'targets -set -filter {jtag_cable_name =~ "Digilent JTAG-HS1 210512180081" && level==0} -index 0' command is executed.
18:49:50 INFO  : FPGA configured successfully with bitstream "E:/wx/hdmi_movie/vitis/camera_uart/_ide/bitstream/top.bit"
18:49:50 INFO  : 'configparams mdm-detect-bscan-mask 2' command is executed.
18:49:50 INFO  : Context for processor 'microblaze_0' is selected.
18:49:50 INFO  : System reset is completed.
18:49:53 INFO  : 'after 3000' command is executed.
18:49:53 INFO  : Context for processor 'microblaze_0' is selected.
18:49:53 INFO  : The application 'E:/wx/hdmi_movie/vitis/camera_uart/Debug/camera_uart.elf' is downloaded to processor 'microblaze_0'.
18:49:53 INFO  : ----------------XSDB Script----------------
connect -url tcp:127.0.0.1:3121
targets -set -filter {jtag_cable_name =~ "Digilent JTAG-HS1 210512180081" && level==0} -index 0
fpga -file E:/wx/hdmi_movie/vitis/camera_uart/_ide/bitstream/top.bit
configparams mdm-detect-bscan-mask 2
targets -set -nocase -filter {name =~ "*microblaze*#0" && bscan=="USER2" }
rst -system
after 3000
targets -set -nocase -filter {name =~ "*microblaze*#0" && bscan=="USER2" }
dow E:/wx/hdmi_movie/vitis/camera_uart/Debug/camera_uart.elf
----------------End of Script----------------

17:51:31 INFO  : Launching XSCT server: xsct.bat -n  -interactive D:\wx_prj\hdmi_movie\vitis\temp_xsdb_launch_script.tcl
17:51:34 INFO  : XSCT server has started successfully.
17:51:34 INFO  : Successfully done setting XSCT server connection channel  
17:51:34 INFO  : plnx-install-location is set to ''
17:51:34 INFO  : Successfully done setting workspace for the tool. 
17:51:35 INFO  : Registering command handlers for Vitis TCF services
17:51:35 INFO  : Successfully done query RDI_DATADIR 
17:52:41 INFO  : Checking for BSP changes to sync application flags for project 'camera_uart'...
17:52:41 ERROR : Failed to get platform details for the project 'camera_uart'. Cannot sync application flags.
17:53:31 INFO  : Checking for BSP changes to sync application flags for project 'camera_uart'...
17:53:31 ERROR : Failed to get platform details for the project 'camera_uart'. Cannot sync application flags.
21:06:18 INFO  : Launching XSCT server: xsct.bat -n  -interactive E:\vivado_prj\wx\hdmi_movie\vitis\temp_xsdb_launch_script.tcl
21:06:28 INFO  : XSCT server has started successfully.
21:06:28 INFO  : plnx-install-location is set to ''
21:06:28 INFO  : Successfully done setting XSCT server connection channel  
21:06:28 INFO  : Successfully done setting workspace for the tool. 
21:06:28 INFO  : Registering command handlers for Vitis TCF services
21:06:36 INFO  : Successfully done query RDI_DATADIR 
21:07:53 INFO  : Hardware specification for platform project 'top' is updated.
21:08:06 INFO  : Checking for BSP changes to sync application flags for project 'camera_uart'...
21:08:25 INFO  : The hardware specfication used by project 'camera_uart' is out of sync with the platform. Resource files extracted from the hardware specfiication will be updated.
21:08:25 INFO  : The file 'E:\vivado_prj\wx\hdmi_movie\vitis\camera_uart\_ide\bitstream\top.bit' stored in project is removed.
21:08:25 INFO  : The file 'E:\vivado_prj\wx\hdmi_movie\vitis\camera_uart\_ide\bitstream\top.mmi' stored in project is removed.
21:08:25 INFO  : The updated bitstream files are copied from platform to folder 'E:\vivado_prj\wx\hdmi_movie\vitis\camera_uart\_ide\bitstream' in project 'camera_uart'.
21:10:21 INFO  : Connected to target on host '127.0.0.1' and port '3121'.
21:10:22 INFO  : Jtag cable 'Digilent JTAG-HS1 210512180081' is selected.
21:10:22 INFO  : 'jtag frequency' command is executed.
21:10:22 INFO  : 'targets -set -filter {jtag_cable_name =~ "Digilent JTAG-HS1 210512180081" && level==0} -index 0' command is executed.
21:10:24 INFO  : FPGA configured successfully with bitstream "E:/vivado_prj/wx/hdmi_movie/vitis/camera_uart/_ide/bitstream/top.bit"
21:10:24 INFO  : 'configparams mdm-detect-bscan-mask 2' command is executed.
21:10:24 INFO  : Context for processor 'microblaze_0' is selected.
21:10:24 INFO  : System reset is completed.
21:10:27 INFO  : 'after 3000' command is executed.
21:10:27 INFO  : Context for processor 'microblaze_0' is selected.
21:10:27 INFO  : The application 'E:/vivado_prj/wx/hdmi_movie/vitis/camera_uart/Debug/camera_uart.elf' is downloaded to processor 'microblaze_0'.
21:10:27 INFO  : ----------------XSDB Script----------------
connect -url tcp:127.0.0.1:3121
targets -set -filter {jtag_cable_name =~ "Digilent JTAG-HS1 210512180081" && level==0} -index 0
fpga -file E:/vivado_prj/wx/hdmi_movie/vitis/camera_uart/_ide/bitstream/top.bit
configparams mdm-detect-bscan-mask 2
targets -set -nocase -filter {name =~ "*microblaze*#0" && bscan=="USER2" }
rst -system
after 3000
targets -set -nocase -filter {name =~ "*microblaze*#0" && bscan=="USER2" }
dow E:/vivado_prj/wx/hdmi_movie/vitis/camera_uart/Debug/camera_uart.elf
----------------End of Script----------------

21:18:20 INFO  : Disconnected from the channel tcfchan#2.
21:23:02 INFO  : Connected to target on host '127.0.0.1' and port '3121'.
21:23:03 INFO  : Jtag cable 'Digilent JTAG-HS1 210512180081' is selected.
21:23:03 INFO  : 'jtag frequency' command is executed.
21:23:03 INFO  : 'targets -set -filter {jtag_cable_name =~ "Digilent JTAG-HS1 210512180081" && level==0} -index 0' command is executed.
21:23:08 INFO  : FPGA configured successfully with bitstream "E:/vivado_prj/wx/hdmi_movie/vitis/camera_uart/_ide/bitstream/top.bit"
21:23:08 INFO  : 'configparams mdm-detect-bscan-mask 2' command is executed.
21:23:08 INFO  : Context for processor 'microblaze_0' is selected.
21:23:08 INFO  : System reset is completed.
21:23:11 INFO  : 'after 3000' command is executed.
21:23:11 INFO  : Context for processor 'microblaze_0' is selected.
21:23:11 INFO  : The application 'E:/vivado_prj/wx/hdmi_movie/vitis/camera_uart/Debug/camera_uart.elf' is downloaded to processor 'microblaze_0'.
21:23:11 INFO  : ----------------XSDB Script----------------
connect -url tcp:127.0.0.1:3121
targets -set -filter {jtag_cable_name =~ "Digilent JTAG-HS1 210512180081" && level==0} -index 0
fpga -file E:/vivado_prj/wx/hdmi_movie/vitis/camera_uart/_ide/bitstream/top.bit
configparams mdm-detect-bscan-mask 2
targets -set -nocase -filter {name =~ "*microblaze*#0" && bscan=="USER2" }
rst -system
after 3000
targets -set -nocase -filter {name =~ "*microblaze*#0" && bscan=="USER2" }
dow E:/vivado_prj/wx/hdmi_movie/vitis/camera_uart/Debug/camera_uart.elf
----------------End of Script----------------

21:49:40 ERROR : Failed to read platform from project 'camera_uart'.
Reason: Failed to execute command 'platform read {E:/vivado_prj/wx/hdmi_movie/vitis/camera_uart/platform.spr}'. Click on details for more information.
21:51:00 INFO  : Launching XSCT server: xsct.bat -n  -interactive E:\vivado_prj\wx\hdmi_movie\vitis\temp_xsdb_launch_script.tcl
21:51:08 INFO  : XSCT server has started successfully.
21:51:09 INFO  : plnx-install-location is set to ''
21:51:09 INFO  : Successfully done setting XSCT server connection channel  
21:51:09 INFO  : Successfully done setting workspace for the tool. 
21:51:11 INFO  : Registering command handlers for Vitis TCF services
21:51:13 INFO  : Successfully done query RDI_DATADIR 
21:51:22 INFO  : Connected to target on host '127.0.0.1' and port '3121'.
21:51:23 INFO  : Jtag cable 'Digilent JTAG-HS1 210512180081' is selected.
21:51:23 INFO  : 'jtag frequency' command is executed.
21:51:23 INFO  : 'targets -set -filter {jtag_cable_name =~ "Digilent JTAG-HS1 210512180081" && level==0} -index 0' command is executed.
21:51:28 INFO  : FPGA configured successfully with bitstream "E:/vivado_prj/wx/hdmi_movie/vitis/camera_uart/_ide/bitstream/top.bit"
21:51:28 INFO  : 'configparams mdm-detect-bscan-mask 2' command is executed.
21:51:28 INFO  : Context for processor 'microblaze_0' is selected.
21:51:28 INFO  : System reset is completed.
21:51:31 INFO  : 'after 3000' command is executed.
21:51:31 INFO  : Context for processor 'microblaze_0' is selected.
21:51:31 INFO  : The application 'E:/vivado_prj/wx/hdmi_movie/vitis/camera_uart/Debug/camera_uart.elf' is downloaded to processor 'microblaze_0'.
21:51:31 INFO  : ----------------XSDB Script----------------
connect -url tcp:127.0.0.1:3121
targets -set -filter {jtag_cable_name =~ "Digilent JTAG-HS1 210512180081" && level==0} -index 0
fpga -file E:/vivado_prj/wx/hdmi_movie/vitis/camera_uart/_ide/bitstream/top.bit
configparams mdm-detect-bscan-mask 2
targets -set -nocase -filter {name =~ "*microblaze*#0" && bscan=="USER2" }
rst -system
after 3000
targets -set -nocase -filter {name =~ "*microblaze*#0" && bscan=="USER2" }
dow E:/vivado_prj/wx/hdmi_movie/vitis/camera_uart/Debug/camera_uart.elf
----------------End of Script----------------

21:53:29 INFO  : Disconnected from the channel tcfchan#1.
21:54:23 INFO  : 'targets -set -filter {jtag_cable_name =~ "Digilent JTAG-HS1 210512180081" && level==0} -index 0' command is executed.
21:54:23 INFO  : 'fpga -state' command is executed.
21:54:23 INFO  : Connected to target on host '127.0.0.1' and port '3121'.
21:54:23 INFO  : Jtag cable 'Digilent JTAG-HS1 210512180081' is selected.
21:54:23 INFO  : 'jtag frequency' command is executed.
21:54:23 INFO  : 'configparams mdm-detect-bscan-mask 2' command is executed.
21:54:23 INFO  : Context for processor 'microblaze_0' is selected.
21:54:23 INFO  : Processor reset is completed for 'microblaze_0'.
21:54:23 INFO  : Context for processor 'microblaze_0' is selected.
21:54:23 INFO  : The application 'E:/vivado_prj/wx/hdmi_movie/vitis/camera_uart/Debug/camera_uart.elf' is downloaded to processor 'microblaze_0'.
21:54:23 INFO  : ----------------XSDB Script----------------
connect -url tcp:127.0.0.1:3121
configparams mdm-detect-bscan-mask 2
targets -set -nocase -filter {name =~ "*microblaze*#0" && bscan=="USER2" }
rst -processor
targets -set -nocase -filter {name =~ "*microblaze*#0" && bscan=="USER2" }
dow E:/vivado_prj/wx/hdmi_movie/vitis/camera_uart/Debug/camera_uart.elf
----------------End of Script----------------

21:25:12 INFO  : Launching XSCT server: xsct.bat -n  -interactive E:\vivado_prj\wx\hdmi_movie\vitis\temp_xsdb_launch_script.tcl
21:25:21 INFO  : XSCT server has started successfully.
21:25:21 INFO  : plnx-install-location is set to ''
21:25:21 INFO  : Successfully done setting XSCT server connection channel  
21:25:21 INFO  : Successfully done setting workspace for the tool. 
21:25:25 INFO  : Registering command handlers for Vitis TCF services
21:25:33 INFO  : Successfully done query RDI_DATADIR 
21:28:16 INFO  : 'targets -set -filter {jtag_cable_name =~ "Digilent JTAG-HS1 210512180081" && level==0} -index 0' command is executed.
21:28:16 INFO  : 'fpga -state' command is executed.
21:28:16 INFO  : Connected to target on host '127.0.0.1' and port '3121'.
21:28:16 INFO  : Jtag cable 'Digilent JTAG-HS1 210512180081' is selected.
21:28:16 INFO  : 'jtag frequency' command is executed.
21:28:16 INFO  : 'configparams mdm-detect-bscan-mask 2' command is executed.
21:28:16 INFO  : Context for processor 'microblaze_0' is selected.
21:28:16 INFO  : Processor reset is completed for 'microblaze_0'.
21:28:16 INFO  : Context for processor 'microblaze_0' is selected.
21:28:16 INFO  : The application 'E:/vivado_prj/wx/hdmi_movie/vitis/camera_uart/Debug/camera_uart.elf' is downloaded to processor 'microblaze_0'.
21:28:16 INFO  : ----------------XSDB Script----------------
connect -url tcp:127.0.0.1:3121
configparams mdm-detect-bscan-mask 2
targets -set -nocase -filter {name =~ "*microblaze*#0" && bscan=="USER2" }
rst -processor
targets -set -nocase -filter {name =~ "*microblaze*#0" && bscan=="USER2" }
dow E:/vivado_prj/wx/hdmi_movie/vitis/camera_uart/Debug/camera_uart.elf
----------------End of Script----------------

21:36:58 INFO  : Disconnected from the channel tcfchan#1.
21:41:01 INFO  : 'targets -set -filter {jtag_cable_name =~ "Digilent JTAG-HS1 210512180081" && level==0} -index 0' command is executed.
21:41:01 INFO  : 'fpga -state' command is executed.
21:41:01 INFO  : Connected to target on host '127.0.0.1' and port '3121'.
21:41:02 INFO  : Jtag cable 'Digilent JTAG-HS1 210512180081' is selected.
21:41:02 INFO  : 'jtag frequency' command is executed.
21:41:02 INFO  : 'configparams mdm-detect-bscan-mask 2' command is executed.
21:41:02 INFO  : Context for processor 'microblaze_0' is selected.
21:41:02 INFO  : Processor reset is completed for 'microblaze_0'.
21:41:02 INFO  : Context for processor 'microblaze_0' is selected.
21:41:02 INFO  : The application 'E:/vivado_prj/wx/hdmi_movie/vitis/camera_uart/Debug/camera_uart.elf' is downloaded to processor 'microblaze_0'.
21:41:02 INFO  : ----------------XSDB Script----------------
connect -url tcp:127.0.0.1:3121
configparams mdm-detect-bscan-mask 2
targets -set -nocase -filter {name =~ "*microblaze*#0" && bscan=="USER2" }
rst -processor
targets -set -nocase -filter {name =~ "*microblaze*#0" && bscan=="USER2" }
dow E:/vivado_prj/wx/hdmi_movie/vitis/camera_uart/Debug/camera_uart.elf
----------------End of Script----------------

22:02:51 INFO  : Disconnected from the channel tcfchan#2.
